2024-01-22 17:19:53,663 INFO [main] c.n.c.LoggerTests [StartupInfoLogger.java:50] Starting LoggerTests on DESKTOP-DCDRI2J with PID 19388 (started by wsj in F:\JAVA\JAVA项目\仿牛客论坛\nowcoder\community)
2024-01-22 17:19:53,666 INFO [main] c.n.c.LoggerTests [SpringApplication.java:675] No active profile set, falling back to default profiles: default
2024-01-22 17:19:56,697 INFO [main] o.s.s.c.ThreadPoolTaskExecutor [ExecutorConfigurationSupport.java:171] Initializing ExecutorService 'applicationTaskExecutor'
2024-01-22 17:19:56,984 INFO [main] o.s.b.a.w.s.WelcomePageHandlerMapping [WelcomePageHandlerMapping.java:61] Adding welcome page template: index
2024-01-22 17:19:57,284 INFO [main] c.n.c.LoggerTests [StartupInfoLogger.java:59] Started LoggerTests in 4.11 seconds (JVM running for 4.939)
2024-01-22 17:19:57,745 INFO [main] c.n.c.LoggerTests [LoggerTests.java:30] info
2024-01-22 17:19:57,755 INFO [Thread-3] o.s.s.c.ThreadPoolTaskExecutor [ExecutorConfigurationSupport.java:208] Shutting down ExecutorService 'applicationTaskExecutor'
2024-01-22 17:22:41,744 INFO [main] c.n.c.LoggerTests [StartupInfoLogger.java:50] Starting LoggerTests on DESKTOP-DCDRI2J with PID 6556 (started by wsj in F:\JAVA\JAVA项目\仿牛客论坛\nowcoder\community)
2024-01-22 17:22:41,751 INFO [main] c.n.c.LoggerTests [SpringApplication.java:675] No active profile set, falling back to default profiles: default
2024-01-22 17:22:45,140 INFO [main] o.s.s.c.ThreadPoolTaskExecutor [ExecutorConfigurationSupport.java:171] Initializing ExecutorService 'applicationTaskExecutor'
2024-01-22 17:22:45,785 INFO [main] o.s.b.a.w.s.WelcomePageHandlerMapping [WelcomePageHandlerMapping.java:61] Adding welcome page template: index
2024-01-22 17:22:46,322 INFO [main] c.n.c.LoggerTests [StartupInfoLogger.java:59] Started LoggerTests in 5.032 seconds (JVM running for 6.061)
2024-01-22 17:22:46,587 INFO [main] c.n.c.LoggerTests [LoggerTests.java:30] info
2024-01-22 17:22:46,599 INFO [Thread-3] o.s.s.c.ThreadPoolTaskExecutor [ExecutorConfigurationSupport.java:208] Shutting down ExecutorService 'applicationTaskExecutor'
2024-01-22 21:00:39,028 INFO [main] c.n.c.MailTests [StartupInfoLogger.java:50] Starting MailTests on DESKTOP-DCDRI2J with PID 10524 (started by wsj in F:\JAVA\JAVA项目\仿牛客论坛\nowcoder\community)
2024-01-22 21:00:39,029 INFO [main] c.n.c.MailTests [SpringApplication.java:675] No active profile set, falling back to default profiles: default
2024-01-22 21:00:41,929 INFO [main] o.s.s.c.ThreadPoolTaskExecutor [ExecutorConfigurationSupport.java:171] Initializing ExecutorService 'applicationTaskExecutor'
2024-01-22 21:00:42,339 INFO [main] o.s.b.a.w.s.WelcomePageHandlerMapping [WelcomePageHandlerMapping.java:61] Adding welcome page template: index
2024-01-22 21:00:42,651 INFO [main] c.n.c.MailTests [StartupInfoLogger.java:59] Started MailTests in 4.086 seconds (JVM running for 4.946)
2024-01-22 21:00:43,830 INFO [Thread-3] o.s.s.c.ThreadPoolTaskExecutor [ExecutorConfigurationSupport.java:208] Shutting down ExecutorService 'applicationTaskExecutor'
2024-01-22 21:01:05,929 INFO [restartedMain] c.n.c.CommunityApplication [StartupInfoLogger.java:50] Starting CommunityApplication on DESKTOP-DCDRI2J with PID 13220 (started by wsj in F:\JAVA\JAVA项目\仿牛客论坛\nowcoder\community)
2024-01-22 21:01:05,931 INFO [restartedMain] c.n.c.CommunityApplication [SpringApplication.java:675] No active profile set, falling back to default profiles: default
2024-01-22 21:01:05,972 INFO [restartedMain] o.s.b.d.e.DevToolsPropertyDefaultsPostProcessor [DeferredLog.java:227] Devtools property defaults active! Set 'spring.devtools.add-properties' to 'false' to disable
2024-01-22 21:01:05,973 INFO [restartedMain] o.s.b.d.e.DevToolsPropertyDefaultsPostProcessor [DeferredLog.java:227] For additional web related logging consider setting the 'logging.level.web' property to 'DEBUG'
2024-01-22 21:01:07,127 INFO [restartedMain] o.s.b.w.e.t.TomcatWebServer [TomcatWebServer.java:90] Tomcat initialized with port(s): 8080 (http)
2024-01-22 21:01:07,140 INFO [restartedMain] o.a.c.h.Http11NioProtocol [DirectJDKLog.java:173] Initializing ProtocolHandler ["http-nio-8080"]
2024-01-22 21:01:07,147 INFO [restartedMain] o.a.c.c.StandardService [DirectJDKLog.java:173] Starting service [Tomcat]
2024-01-22 21:01:07,147 INFO [restartedMain] o.a.c.c.StandardEngine [DirectJDKLog.java:173] Starting Servlet engine: [Apache Tomcat/9.0.19]
2024-01-22 21:01:07,155 INFO [restartedMain] o.a.c.c.AprLifecycleListener [DirectJDKLog.java:173] Loaded APR based Apache Tomcat Native library [1.2.35] using APR version [1.7.0].
2024-01-22 21:01:07,155 INFO [restartedMain] o.a.c.c.AprLifecycleListener [DirectJDKLog.java:173] APR capabilities: IPv6 [true], sendfile [true], accept filters [false], random [true].
2024-01-22 21:01:07,156 INFO [restartedMain] o.a.c.c.AprLifecycleListener [DirectJDKLog.java:173] APR/OpenSSL configuration: useAprConnector [false], useOpenSSL [true]
2024-01-22 21:01:07,159 INFO [restartedMain] o.a.c.c.AprLifecycleListener [DirectJDKLog.java:173] OpenSSL successfully initialized [OpenSSL 1.1.1q  5 Jul 2022]
2024-01-22 21:01:07,231 INFO [restartedMain] o.a.c.c.C.[.[.[/community] [DirectJDKLog.java:173] Initializing Spring embedded WebApplicationContext
2024-01-22 21:01:07,231 INFO [restartedMain] o.s.w.c.ContextLoader [ServletWebServerApplicationContext.java:296] Root WebApplicationContext: initialization completed in 1258 ms
2024-01-22 21:01:07,734 INFO [restartedMain] o.s.s.c.ThreadPoolTaskExecutor [ExecutorConfigurationSupport.java:171] Initializing ExecutorService 'applicationTaskExecutor'
2024-01-22 21:01:07,846 INFO [restartedMain] o.s.b.a.w.s.WelcomePageHandlerMapping [WelcomePageHandlerMapping.java:61] Adding welcome page template: index
2024-01-22 21:01:07,962 INFO [restartedMain] o.s.b.d.a.OptionalLiveReloadServer [OptionalLiveReloadServer.java:57] LiveReload server is running on port 35729
2024-01-22 21:01:07,999 INFO [restartedMain] o.a.c.h.Http11NioProtocol [DirectJDKLog.java:173] Starting ProtocolHandler ["http-nio-8080"]
2024-01-22 21:01:08,027 INFO [restartedMain] o.s.b.w.e.t.TomcatWebServer [TomcatWebServer.java:204] Tomcat started on port(s): 8080 (http) with context path '/community'
2024-01-22 21:01:08,031 INFO [restartedMain] c.n.c.CommunityApplication [StartupInfoLogger.java:59] Started CommunityApplication in 2.433 seconds (JVM running for 3.019)
2024-01-22 21:01:22,766 INFO [Thread-13] o.s.s.c.ThreadPoolTaskExecutor [ExecutorConfigurationSupport.java:208] Shutting down ExecutorService 'applicationTaskExecutor'
2024-01-22 21:01:27,130 INFO [main] c.n.c.MailTests [StartupInfoLogger.java:50] Starting MailTests on DESKTOP-DCDRI2J with PID 10516 (started by wsj in F:\JAVA\JAVA项目\仿牛客论坛\nowcoder\community)
2024-01-22 21:01:27,131 INFO [main] c.n.c.MailTests [SpringApplication.java:675] No active profile set, falling back to default profiles: default
2024-01-22 21:01:30,122 INFO [main] o.s.s.c.ThreadPoolTaskExecutor [ExecutorConfigurationSupport.java:171] Initializing ExecutorService 'applicationTaskExecutor'
2024-01-22 21:01:30,457 INFO [main] o.s.b.a.w.s.WelcomePageHandlerMapping [WelcomePageHandlerMapping.java:61] Adding welcome page template: index
2024-01-22 21:01:30,850 INFO [main] c.n.c.MailTests [StartupInfoLogger.java:59] Started MailTests in 4.282 seconds (JVM running for 5.549)
2024-01-22 21:03:24,785 INFO [Thread-3] o.s.s.c.ThreadPoolTaskExecutor [ExecutorConfigurationSupport.java:208] Shutting down ExecutorService 'applicationTaskExecutor'
2024-01-22 21:03:29,659 INFO [main] c.n.c.MailTests [StartupInfoLogger.java:50] Starting MailTests on DESKTOP-DCDRI2J with PID 7496 (started by wsj in F:\JAVA\JAVA项目\仿牛客论坛\nowcoder\community)
2024-01-22 21:03:29,661 INFO [main] c.n.c.MailTests [SpringApplication.java:675] No active profile set, falling back to default profiles: default
2024-01-22 21:03:32,560 INFO [main] o.s.s.c.ThreadPoolTaskExecutor [ExecutorConfigurationSupport.java:171] Initializing ExecutorService 'applicationTaskExecutor'
2024-01-22 21:03:32,913 INFO [main] o.s.b.a.w.s.WelcomePageHandlerMapping [WelcomePageHandlerMapping.java:61] Adding welcome page template: index
2024-01-22 21:03:33,282 INFO [main] c.n.c.MailTests [StartupInfoLogger.java:59] Started MailTests in 4.106 seconds (JVM running for 5.107)
2024-01-22 21:03:53,668 INFO [Thread-3] o.s.s.c.ThreadPoolTaskExecutor [ExecutorConfigurationSupport.java:208] Shutting down ExecutorService 'applicationTaskExecutor'
2024-01-22 21:03:59,369 INFO [main] c.n.c.MailTests [StartupInfoLogger.java:50] Starting MailTests on DESKTOP-DCDRI2J with PID 5776 (started by wsj in F:\JAVA\JAVA项目\仿牛客论坛\nowcoder\community)
2024-01-22 21:03:59,370 INFO [main] c.n.c.MailTests [SpringApplication.java:675] No active profile set, falling back to default profiles: default
2024-01-22 21:04:02,530 INFO [main] o.s.s.c.ThreadPoolTaskExecutor [ExecutorConfigurationSupport.java:171] Initializing ExecutorService 'applicationTaskExecutor'
2024-01-22 21:04:03,242 INFO [main] o.s.b.a.w.s.WelcomePageHandlerMapping [WelcomePageHandlerMapping.java:61] Adding welcome page template: index
2024-01-22 21:04:03,632 INFO [main] c.n.c.MailTests [StartupInfoLogger.java:59] Started MailTests in 4.694 seconds (JVM running for 5.753)
2024-01-22 21:04:05,610 INFO [Thread-3] o.s.s.c.ThreadPoolTaskExecutor [ExecutorConfigurationSupport.java:208] Shutting down ExecutorService 'applicationTaskExecutor'
2024-01-22 21:07:57,771 INFO [main] c.n.c.MailTests [StartupInfoLogger.java:50] Starting MailTests on DESKTOP-DCDRI2J with PID 11620 (started by wsj in F:\JAVA\JAVA项目\仿牛客论坛\nowcoder\community)
2024-01-22 21:07:57,772 INFO [main] c.n.c.MailTests [SpringApplication.java:675] No active profile set, falling back to default profiles: default
2024-01-22 21:08:00,239 INFO [main] o.s.s.c.ThreadPoolTaskExecutor [ExecutorConfigurationSupport.java:171] Initializing ExecutorService 'applicationTaskExecutor'
2024-01-22 21:08:00,600 INFO [main] o.s.b.a.w.s.WelcomePageHandlerMapping [WelcomePageHandlerMapping.java:61] Adding welcome page template: index
2024-01-22 21:08:00,916 INFO [main] c.n.c.MailTests [StartupInfoLogger.java:59] Started MailTests in 3.58 seconds (JVM running for 4.364)
2024-01-22 21:08:02,088 INFO [Thread-3] o.s.s.c.ThreadPoolTaskExecutor [ExecutorConfigurationSupport.java:208] Shutting down ExecutorService 'applicationTaskExecutor'
2024-01-22 21:08:48,279 INFO [main] c.n.c.MailTests [StartupInfoLogger.java:50] Starting MailTests on DESKTOP-DCDRI2J with PID 13328 (started by wsj in F:\JAVA\JAVA项目\仿牛客论坛\nowcoder\community)
2024-01-22 21:08:48,281 INFO [main] c.n.c.MailTests [SpringApplication.java:675] No active profile set, falling back to default profiles: default
2024-01-22 21:08:50,359 INFO [main] o.s.s.c.ThreadPoolTaskExecutor [ExecutorConfigurationSupport.java:171] Initializing ExecutorService 'applicationTaskExecutor'
2024-01-22 21:08:50,628 INFO [main] o.s.b.a.w.s.WelcomePageHandlerMapping [WelcomePageHandlerMapping.java:61] Adding welcome page template: index
2024-01-22 21:08:50,891 INFO [main] c.n.c.MailTests [StartupInfoLogger.java:59] Started MailTests in 3.013 seconds (JVM running for 3.758)
2024-01-22 21:08:52,193 INFO [Thread-3] o.s.s.c.ThreadPoolTaskExecutor [ExecutorConfigurationSupport.java:208] Shutting down ExecutorService 'applicationTaskExecutor'
2024-01-22 21:19:13,630 INFO [main] c.n.c.MailTests [StartupInfoLogger.java:50] Starting MailTests on DESKTOP-DCDRI2J with PID 5324 (started by wsj in F:\JAVA\JAVA项目\仿牛客论坛\nowcoder\community)
2024-01-22 21:19:13,631 INFO [main] c.n.c.MailTests [SpringApplication.java:675] No active profile set, falling back to default profiles: default
2024-01-22 21:19:16,499 INFO [main] o.s.s.c.ThreadPoolTaskExecutor [ExecutorConfigurationSupport.java:171] Initializing ExecutorService 'applicationTaskExecutor'
2024-01-22 21:19:16,780 INFO [main] o.s.b.a.w.s.WelcomePageHandlerMapping [WelcomePageHandlerMapping.java:61] Adding welcome page template: index
2024-01-22 21:19:17,075 INFO [main] c.n.c.MailTests [StartupInfoLogger.java:59] Started MailTests in 3.843 seconds (JVM running for 4.622)
2024-01-22 21:19:19,168 INFO [Thread-3] o.s.s.c.ThreadPoolTaskExecutor [ExecutorConfigurationSupport.java:208] Shutting down ExecutorService 'applicationTaskExecutor'
2024-01-22 21:22:01,552 INFO [main] c.n.c.MailTests [StartupInfoLogger.java:50] Starting MailTests on DESKTOP-DCDRI2J with PID 4756 (started by wsj in F:\JAVA\JAVA项目\仿牛客论坛\nowcoder\community)
2024-01-22 21:22:01,553 INFO [main] c.n.c.MailTests [SpringApplication.java:675] No active profile set, falling back to default profiles: default
2024-01-22 21:22:04,028 INFO [main] o.s.s.c.ThreadPoolTaskExecutor [ExecutorConfigurationSupport.java:171] Initializing ExecutorService 'applicationTaskExecutor'
2024-01-22 21:22:04,336 INFO [main] o.s.b.a.w.s.WelcomePageHandlerMapping [WelcomePageHandlerMapping.java:61] Adding welcome page template: index
2024-01-22 21:22:04,781 INFO [main] c.n.c.MailTests [StartupInfoLogger.java:59] Started MailTests in 3.675 seconds (JVM running for 4.498)
2024-01-22 21:22:06,917 INFO [Thread-3] o.s.s.c.ThreadPoolTaskExecutor [ExecutorConfigurationSupport.java:208] Shutting down ExecutorService 'applicationTaskExecutor'
2024-01-22 21:37:54,163 INFO [main] c.n.c.MailTests [StartupInfoLogger.java:50] Starting MailTests on DESKTOP-DCDRI2J with PID 4600 (started by wsj in F:\JAVA\JAVA项目\仿牛客论坛\nowcoder\community)
2024-01-22 21:37:54,165 INFO [main] c.n.c.MailTests [SpringApplication.java:675] No active profile set, falling back to default profiles: default
2024-01-22 21:37:56,449 INFO [main] o.s.s.c.ThreadPoolTaskExecutor [ExecutorConfigurationSupport.java:171] Initializing ExecutorService 'applicationTaskExecutor'
2024-01-22 21:37:56,722 INFO [main] o.s.b.a.w.s.WelcomePageHandlerMapping [WelcomePageHandlerMapping.java:61] Adding welcome page template: index
2024-01-22 21:37:57,006 INFO [main] c.n.c.MailTests [StartupInfoLogger.java:59] Started MailTests in 3.282 seconds (JVM running for 4.102)
2024-01-22 21:37:58,723 INFO [Thread-3] o.s.s.c.ThreadPoolTaskExecutor [ExecutorConfigurationSupport.java:208] Shutting down ExecutorService 'applicationTaskExecutor'
2024-01-22 21:38:48,116 INFO [main] c.n.c.MailTests [StartupInfoLogger.java:50] Starting MailTests on DESKTOP-DCDRI2J with PID 16040 (started by wsj in F:\JAVA\JAVA项目\仿牛客论坛\nowcoder\community)
2024-01-22 21:38:48,117 INFO [main] c.n.c.MailTests [SpringApplication.java:675] No active profile set, falling back to default profiles: default
2024-01-22 21:38:50,975 INFO [main] o.s.s.c.ThreadPoolTaskExecutor [ExecutorConfigurationSupport.java:171] Initializing ExecutorService 'applicationTaskExecutor'
2024-01-22 21:38:51,310 INFO [main] o.s.b.a.w.s.WelcomePageHandlerMapping [WelcomePageHandlerMapping.java:61] Adding welcome page template: index
2024-01-22 21:38:52,213 INFO [main] c.n.c.MailTests [StartupInfoLogger.java:59] Started MailTests in 4.527 seconds (JVM running for 5.439)
2024-01-22 21:38:54,389 INFO [Thread-3] o.s.s.c.ThreadPoolTaskExecutor [ExecutorConfigurationSupport.java:208] Shutting down ExecutorService 'applicationTaskExecutor'
2024-01-22 22:29:10,698 INFO [main] c.n.c.MailTests [StartupInfoLogger.java:50] Starting MailTests on DESKTOP-DCDRI2J with PID 13316 (started by wsj in F:\JAVA\JAVA项目\仿牛客论坛\nowcoder\community)
2024-01-22 22:29:10,700 INFO [main] c.n.c.MailTests [SpringApplication.java:675] No active profile set, falling back to default profiles: default
2024-01-22 22:29:13,856 INFO [restartedMain] c.n.c.CommunityApplication [StartupInfoLogger.java:50] Starting CommunityApplication on DESKTOP-DCDRI2J with PID 21820 (started by wsj in F:\JAVA\JAVA项目\仿牛客论坛\nowcoder\community)
2024-01-22 22:29:13,859 INFO [restartedMain] c.n.c.CommunityApplication [SpringApplication.java:675] No active profile set, falling back to default profiles: default
2024-01-22 22:29:13,897 INFO [restartedMain] o.s.b.d.e.DevToolsPropertyDefaultsPostProcessor [DeferredLog.java:227] Devtools property defaults active! Set 'spring.devtools.add-properties' to 'false' to disable
2024-01-22 22:29:13,897 INFO [restartedMain] o.s.b.d.e.DevToolsPropertyDefaultsPostProcessor [DeferredLog.java:227] For additional web related logging consider setting the 'logging.level.web' property to 'DEBUG'
2024-01-22 22:29:15,081 INFO [restartedMain] o.s.b.w.e.t.TomcatWebServer [TomcatWebServer.java:90] Tomcat initialized with port(s): 8080 (http)
2024-01-22 22:29:15,095 INFO [restartedMain] o.a.c.h.Http11NioProtocol [DirectJDKLog.java:173] Initializing ProtocolHandler ["http-nio-8080"]
2024-01-22 22:29:15,105 INFO [restartedMain] o.a.c.c.StandardService [DirectJDKLog.java:173] Starting service [Tomcat]
2024-01-22 22:29:15,106 INFO [restartedMain] o.a.c.c.StandardEngine [DirectJDKLog.java:173] Starting Servlet engine: [Apache Tomcat/9.0.19]
2024-01-22 22:29:15,115 INFO [restartedMain] o.a.c.c.AprLifecycleListener [DirectJDKLog.java:173] Loaded APR based Apache Tomcat Native library [1.2.35] using APR version [1.7.0].
2024-01-22 22:29:15,115 INFO [restartedMain] o.a.c.c.AprLifecycleListener [DirectJDKLog.java:173] APR capabilities: IPv6 [true], sendfile [true], accept filters [false], random [true].
2024-01-22 22:29:15,115 INFO [restartedMain] o.a.c.c.AprLifecycleListener [DirectJDKLog.java:173] APR/OpenSSL configuration: useAprConnector [false], useOpenSSL [true]
2024-01-22 22:29:15,119 INFO [restartedMain] o.a.c.c.AprLifecycleListener [DirectJDKLog.java:173] OpenSSL successfully initialized [OpenSSL 1.1.1q  5 Jul 2022]
2024-01-22 22:29:15,217 INFO [restartedMain] o.a.c.c.C.[.[.[/community] [DirectJDKLog.java:173] Initializing Spring embedded WebApplicationContext
2024-01-22 22:29:15,218 INFO [restartedMain] o.s.w.c.ContextLoader [ServletWebServerApplicationContext.java:296] Root WebApplicationContext: initialization completed in 1320 ms
2024-01-22 22:29:15,809 INFO [restartedMain] o.s.s.c.ThreadPoolTaskExecutor [ExecutorConfigurationSupport.java:171] Initializing ExecutorService 'applicationTaskExecutor'
2024-01-22 22:29:15,937 INFO [restartedMain] o.s.b.a.w.s.WelcomePageHandlerMapping [WelcomePageHandlerMapping.java:61] Adding welcome page template: index
2024-01-22 22:29:16,055 INFO [restartedMain] o.s.b.d.a.OptionalLiveReloadServer [OptionalLiveReloadServer.java:57] LiveReload server is running on port 35729
2024-01-22 22:29:16,086 INFO [restartedMain] o.a.c.h.Http11NioProtocol [DirectJDKLog.java:173] Starting ProtocolHandler ["http-nio-8080"]
2024-01-22 22:29:16,107 INFO [restartedMain] o.s.b.w.e.t.TomcatWebServer [TomcatWebServer.java:204] Tomcat started on port(s): 8080 (http) with context path '/community'
2024-01-22 22:29:16,109 INFO [restartedMain] c.n.c.CommunityApplication [StartupInfoLogger.java:59] Started CommunityApplication in 2.607 seconds (JVM running for 3.363)
2024-01-22 22:46:06,180 INFO [Thread-13] o.s.s.c.ThreadPoolTaskExecutor [ExecutorConfigurationSupport.java:208] Shutting down ExecutorService 'applicationTaskExecutor'
2024-01-22 22:46:15,124 INFO [restartedMain] c.n.c.CommunityApplication [StartupInfoLogger.java:50] Starting CommunityApplication on DESKTOP-DCDRI2J with PID 5156 (started by wsj in F:\JAVA\JAVA项目\仿牛客论坛\nowcoder\community)
2024-01-22 22:46:15,129 INFO [restartedMain] c.n.c.CommunityApplication [SpringApplication.java:675] No active profile set, falling back to default profiles: default
2024-01-22 22:46:15,190 INFO [restartedMain] o.s.b.d.e.DevToolsPropertyDefaultsPostProcessor [DeferredLog.java:227] Devtools property defaults active! Set 'spring.devtools.add-properties' to 'false' to disable
2024-01-22 22:46:15,190 INFO [restartedMain] o.s.b.d.e.DevToolsPropertyDefaultsPostProcessor [DeferredLog.java:227] For additional web related logging consider setting the 'logging.level.web' property to 'DEBUG'
2024-01-22 22:46:17,020 INFO [restartedMain] o.s.b.w.e.t.TomcatWebServer [TomcatWebServer.java:90] Tomcat initialized with port(s): 8080 (http)
2024-01-22 22:46:17,034 INFO [restartedMain] o.a.c.h.Http11NioProtocol [DirectJDKLog.java:173] Initializing ProtocolHandler ["http-nio-8080"]
2024-01-22 22:46:17,041 INFO [restartedMain] o.a.c.c.StandardService [DirectJDKLog.java:173] Starting service [Tomcat]
2024-01-22 22:46:17,042 INFO [restartedMain] o.a.c.c.StandardEngine [DirectJDKLog.java:173] Starting Servlet engine: [Apache Tomcat/9.0.19]
2024-01-22 22:46:17,052 INFO [restartedMain] o.a.c.c.AprLifecycleListener [DirectJDKLog.java:173] Loaded APR based Apache Tomcat Native library [1.2.35] using APR version [1.7.0].
2024-01-22 22:46:17,052 INFO [restartedMain] o.a.c.c.AprLifecycleListener [DirectJDKLog.java:173] APR capabilities: IPv6 [true], sendfile [true], accept filters [false], random [true].
2024-01-22 22:46:17,053 INFO [restartedMain] o.a.c.c.AprLifecycleListener [DirectJDKLog.java:173] APR/OpenSSL configuration: useAprConnector [false], useOpenSSL [true]
2024-01-22 22:46:17,056 INFO [restartedMain] o.a.c.c.AprLifecycleListener [DirectJDKLog.java:173] OpenSSL successfully initialized [OpenSSL 1.1.1q  5 Jul 2022]
2024-01-22 22:46:17,141 INFO [restartedMain] o.a.c.c.C.[.[.[/community] [DirectJDKLog.java:173] Initializing Spring embedded WebApplicationContext
2024-01-22 22:46:17,141 INFO [restartedMain] o.s.w.c.ContextLoader [ServletWebServerApplicationContext.java:296] Root WebApplicationContext: initialization completed in 1950 ms
2024-01-22 22:46:17,936 INFO [restartedMain] o.s.s.c.ThreadPoolTaskExecutor [ExecutorConfigurationSupport.java:171] Initializing ExecutorService 'applicationTaskExecutor'
2024-01-22 22:46:18,055 INFO [restartedMain] o.s.b.a.w.s.WelcomePageHandlerMapping [WelcomePageHandlerMapping.java:61] Adding welcome page template: index
2024-01-22 22:46:18,155 INFO [restartedMain] o.s.b.d.a.OptionalLiveReloadServer [OptionalLiveReloadServer.java:57] LiveReload server is running on port 35729
2024-01-22 22:46:18,184 INFO [restartedMain] o.a.c.h.Http11NioProtocol [DirectJDKLog.java:173] Starting ProtocolHandler ["http-nio-8080"]
2024-01-22 22:46:18,206 INFO [restartedMain] o.s.b.w.e.t.TomcatWebServer [TomcatWebServer.java:204] Tomcat started on port(s): 8080 (http) with context path '/community'
2024-01-22 22:46:18,208 INFO [restartedMain] c.n.c.CommunityApplication [StartupInfoLogger.java:59] Started CommunityApplication in 3.504 seconds (JVM running for 4.142)
2024-01-22 22:46:24,241 INFO [http-nio-8080-exec-1] o.a.c.c.C.[.[.[/community] [DirectJDKLog.java:173] Initializing Spring DispatcherServlet 'dispatcherServlet'
2024-01-22 22:46:24,242 INFO [http-nio-8080-exec-1] o.s.w.s.DispatcherServlet [FrameworkServlet.java:524] Initializing Servlet 'dispatcherServlet'
2024-01-22 22:46:24,251 INFO [http-nio-8080-exec-1] o.s.w.s.DispatcherServlet [FrameworkServlet.java:546] Completed initialization in 9 ms
2024-01-22 22:46:24,306 INFO [http-nio-8080-exec-1] c.z.h.HikariDataSource [HikariDataSource.java:110] HikariPool-1 - Starting...
2024-01-22 22:46:24,413 INFO [http-nio-8080-exec-1] c.z.h.HikariDataSource [HikariDataSource.java:123] HikariPool-1 - Start completed.
2024-01-22 22:49:32,727 INFO [Thread-14] o.s.s.c.ThreadPoolTaskExecutor [ExecutorConfigurationSupport.java:208] Shutting down ExecutorService 'applicationTaskExecutor'
2024-01-22 22:49:32,728 INFO [Thread-14] c.z.h.HikariDataSource [HikariDataSource.java:350] HikariPool-1 - Shutdown initiated...
2024-01-22 22:49:32,736 INFO [Thread-14] c.z.h.HikariDataSource [HikariDataSource.java:352] HikariPool-1 - Shutdown completed.
2024-01-22 22:49:49,724 INFO [restartedMain] c.n.c.CommunityApplication [StartupInfoLogger.java:50] Starting CommunityApplication on DESKTOP-DCDRI2J with PID 7492 (started by wsj in F:\JAVA\JAVA项目\仿牛客论坛\nowcoder\community)
2024-01-22 22:49:49,727 INFO [restartedMain] c.n.c.CommunityApplication [SpringApplication.java:675] No active profile set, falling back to default profiles: default
2024-01-22 22:49:49,767 INFO [restartedMain] o.s.b.d.e.DevToolsPropertyDefaultsPostProcessor [DeferredLog.java:227] Devtools property defaults active! Set 'spring.devtools.add-properties' to 'false' to disable
2024-01-22 22:49:49,768 INFO [restartedMain] o.s.b.d.e.DevToolsPropertyDefaultsPostProcessor [DeferredLog.java:227] For additional web related logging consider setting the 'logging.level.web' property to 'DEBUG'
2024-01-22 22:49:51,080 INFO [restartedMain] o.s.b.w.e.t.TomcatWebServer [TomcatWebServer.java:90] Tomcat initialized with port(s): 8080 (http)
2024-01-22 22:49:51,093 INFO [restartedMain] o.a.c.h.Http11NioProtocol [DirectJDKLog.java:173] Initializing ProtocolHandler ["http-nio-8080"]
2024-01-22 22:49:51,102 INFO [restartedMain] o.a.c.c.StandardService [DirectJDKLog.java:173] Starting service [Tomcat]
2024-01-22 22:49:51,102 INFO [restartedMain] o.a.c.c.StandardEngine [DirectJDKLog.java:173] Starting Servlet engine: [Apache Tomcat/9.0.19]
2024-01-22 22:49:51,110 INFO [restartedMain] o.a.c.c.AprLifecycleListener [DirectJDKLog.java:173] Loaded APR based Apache Tomcat Native library [1.2.35] using APR version [1.7.0].
2024-01-22 22:49:51,110 INFO [restartedMain] o.a.c.c.AprLifecycleListener [DirectJDKLog.java:173] APR capabilities: IPv6 [true], sendfile [true], accept filters [false], random [true].
2024-01-22 22:49:51,110 INFO [restartedMain] o.a.c.c.AprLifecycleListener [DirectJDKLog.java:173] APR/OpenSSL configuration: useAprConnector [false], useOpenSSL [true]
2024-01-22 22:49:51,113 INFO [restartedMain] o.a.c.c.AprLifecycleListener [DirectJDKLog.java:173] OpenSSL successfully initialized [OpenSSL 1.1.1q  5 Jul 2022]
2024-01-22 22:49:51,190 INFO [restartedMain] o.a.c.c.C.[.[.[/community] [DirectJDKLog.java:173] Initializing Spring embedded WebApplicationContext
2024-01-22 22:49:51,190 INFO [restartedMain] o.s.w.c.ContextLoader [ServletWebServerApplicationContext.java:296] Root WebApplicationContext: initialization completed in 1422 ms
2024-01-22 22:49:51,779 INFO [restartedMain] o.s.s.c.ThreadPoolTaskExecutor [ExecutorConfigurationSupport.java:171] Initializing ExecutorService 'applicationTaskExecutor'
2024-01-22 22:49:51,896 INFO [restartedMain] o.s.b.a.w.s.WelcomePageHandlerMapping [WelcomePageHandlerMapping.java:61] Adding welcome page template: index
2024-01-22 22:49:52,016 INFO [restartedMain] o.s.b.d.a.OptionalLiveReloadServer [OptionalLiveReloadServer.java:57] LiveReload server is running on port 35729
2024-01-22 22:49:52,046 INFO [restartedMain] o.a.c.h.Http11NioProtocol [DirectJDKLog.java:173] Starting ProtocolHandler ["http-nio-8080"]
2024-01-22 22:49:52,070 INFO [restartedMain] o.s.b.w.e.t.TomcatWebServer [TomcatWebServer.java:204] Tomcat started on port(s): 8080 (http) with context path '/community'
2024-01-22 22:49:52,074 INFO [restartedMain] c.n.c.CommunityApplication [StartupInfoLogger.java:59] Started CommunityApplication in 2.811 seconds (JVM running for 3.575)
2024-01-22 22:49:58,533 INFO [http-nio-8080-exec-2] o.a.c.c.C.[.[.[/community] [DirectJDKLog.java:173] Initializing Spring DispatcherServlet 'dispatcherServlet'
2024-01-22 22:49:58,535 INFO [http-nio-8080-exec-2] o.s.w.s.DispatcherServlet [FrameworkServlet.java:524] Initializing Servlet 'dispatcherServlet'
2024-01-22 22:49:58,543 INFO [http-nio-8080-exec-2] o.s.w.s.DispatcherServlet [FrameworkServlet.java:546] Completed initialization in 7 ms
2024-01-22 22:50:02,475 INFO [http-nio-8080-exec-2] c.z.h.HikariDataSource [HikariDataSource.java:110] HikariPool-1 - Starting...
2024-01-22 22:50:02,612 INFO [http-nio-8080-exec-2] c.z.h.HikariDataSource [HikariDataSource.java:123] HikariPool-1 - Start completed.
2024-01-22 22:50:17,335 INFO [Thread-14] o.s.s.c.ThreadPoolTaskExecutor [ExecutorConfigurationSupport.java:208] Shutting down ExecutorService 'applicationTaskExecutor'
2024-01-22 22:50:17,336 INFO [Thread-14] c.z.h.HikariDataSource [HikariDataSource.java:350] HikariPool-1 - Shutdown initiated...
2024-01-22 22:50:17,345 INFO [Thread-14] c.z.h.HikariDataSource [HikariDataSource.java:352] HikariPool-1 - Shutdown completed.
2024-01-22 22:50:37,416 INFO [restartedMain] c.n.c.CommunityApplication [StartupInfoLogger.java:50] Starting CommunityApplication on DESKTOP-DCDRI2J with PID 17764 (started by wsj in F:\JAVA\JAVA项目\仿牛客论坛\nowcoder\community)
2024-01-22 22:50:37,419 INFO [restartedMain] c.n.c.CommunityApplication [SpringApplication.java:675] No active profile set, falling back to default profiles: default
2024-01-22 22:50:37,459 INFO [restartedMain] o.s.b.d.e.DevToolsPropertyDefaultsPostProcessor [DeferredLog.java:227] Devtools property defaults active! Set 'spring.devtools.add-properties' to 'false' to disable
2024-01-22 22:50:37,459 INFO [restartedMain] o.s.b.d.e.DevToolsPropertyDefaultsPostProcessor [DeferredLog.java:227] For additional web related logging consider setting the 'logging.level.web' property to 'DEBUG'
2024-01-22 22:50:39,106 INFO [restartedMain] o.s.b.w.e.t.TomcatWebServer [TomcatWebServer.java:90] Tomcat initialized with port(s): 8080 (http)
2024-01-22 22:50:39,121 INFO [restartedMain] o.a.c.h.Http11NioProtocol [DirectJDKLog.java:173] Initializing ProtocolHandler ["http-nio-8080"]
2024-01-22 22:50:39,128 INFO [restartedMain] o.a.c.c.StandardService [DirectJDKLog.java:173] Starting service [Tomcat]
2024-01-22 22:50:39,128 INFO [restartedMain] o.a.c.c.StandardEngine [DirectJDKLog.java:173] Starting Servlet engine: [Apache Tomcat/9.0.19]
2024-01-22 22:50:39,136 INFO [restartedMain] o.a.c.c.AprLifecycleListener [DirectJDKLog.java:173] Loaded APR based Apache Tomcat Native library [1.2.35] using APR version [1.7.0].
2024-01-22 22:50:39,136 INFO [restartedMain] o.a.c.c.AprLifecycleListener [DirectJDKLog.java:173] APR capabilities: IPv6 [true], sendfile [true], accept filters [false], random [true].
2024-01-22 22:50:39,137 INFO [restartedMain] o.a.c.c.AprLifecycleListener [DirectJDKLog.java:173] APR/OpenSSL configuration: useAprConnector [false], useOpenSSL [true]
2024-01-22 22:50:39,140 INFO [restartedMain] o.a.c.c.AprLifecycleListener [DirectJDKLog.java:173] OpenSSL successfully initialized [OpenSSL 1.1.1q  5 Jul 2022]
2024-01-22 22:50:39,217 INFO [restartedMain] o.a.c.c.C.[.[.[/community] [DirectJDKLog.java:173] Initializing Spring embedded WebApplicationContext
2024-01-22 22:50:39,217 INFO [restartedMain] o.s.w.c.ContextLoader [ServletWebServerApplicationContext.java:296] Root WebApplicationContext: initialization completed in 1757 ms
2024-01-22 22:50:40,386 INFO [restartedMain] o.s.s.c.ThreadPoolTaskExecutor [ExecutorConfigurationSupport.java:171] Initializing ExecutorService 'applicationTaskExecutor'
2024-01-22 22:50:40,658 INFO [restartedMain] o.s.b.a.w.s.WelcomePageHandlerMapping [WelcomePageHandlerMapping.java:61] Adding welcome page template: index
2024-01-22 22:50:40,823 INFO [restartedMain] o.s.b.d.a.OptionalLiveReloadServer [OptionalLiveReloadServer.java:57] LiveReload server is running on port 35729
2024-01-22 22:50:40,868 INFO [restartedMain] o.a.c.h.Http11NioProtocol [DirectJDKLog.java:173] Starting ProtocolHandler ["http-nio-8080"]
2024-01-22 22:50:40,925 INFO [restartedMain] o.s.b.w.e.t.TomcatWebServer [TomcatWebServer.java:204] Tomcat started on port(s): 8080 (http) with context path '/community'
2024-01-22 22:50:40,932 INFO [restartedMain] c.n.c.CommunityApplication [StartupInfoLogger.java:59] Started CommunityApplication in 3.965 seconds (JVM running for 4.788)
2024-01-22 22:50:45,078 INFO [http-nio-8080-exec-1] o.a.c.c.C.[.[.[/community] [DirectJDKLog.java:173] Initializing Spring DispatcherServlet 'dispatcherServlet'
2024-01-22 22:50:45,079 INFO [http-nio-8080-exec-1] o.s.w.s.DispatcherServlet [FrameworkServlet.java:524] Initializing Servlet 'dispatcherServlet'
2024-01-22 22:50:45,099 INFO [http-nio-8080-exec-1] o.s.w.s.DispatcherServlet [FrameworkServlet.java:546] Completed initialization in 20 ms
